<?xml version="1.0" encoding="UTF-8"?>
<!-- Generated by org.testng.reporters.JUnitXMLReporter -->
<testsuite ignored="0" hostname="DESKTOP-EQSC612" failures="1" tests="1" name="com.testcase.com" time="4.015" errors="0" timestamp="2025-02-18T13:33:26 IST">
  <testcase classname="com.testcase.com.TestCase" name="login" time="0.0">
    <failure type="java.lang.RuntimeException" message="java.io.FileNotFoundException: C:\Users\dell\Desktop\framedata.xlsx (The system cannot find the file specified)">
      <![CDATA[java.lang.RuntimeException: java.io.FileNotFoundException: C:\Users\dell\Desktop\framedata.xlsx (The system cannot find the file specified)
at java.base/java.util.ArrayList.forEach(ArrayList.java:1597)
Caused by: java.io.FileNotFoundException: C:\Users\dell\Desktop\framedata.xlsx (The system cannot find the file specified)
at java.base/java.io.FileInputStream.open0(Native Method)
at java.base/java.io.FileInputStream.open(FileInputStream.java:219)
at java.base/java.io.FileInputStream.<init>(FileInputStream.java:159)
at java.base/java.io.FileInputStream.<init>(FileInputStream.java:112)
at com.utlities.com.DataDrivernTesting.getRow(DataDrivernTesting.java:22)
at com.testcase.com.TestCase.getData(TestCase.java:31)
... 25 more
... Removed 30 stack frames]]>
    </failure>
  </testcase> <!-- login -->
</testsuite> <!-- com.testcase.com -->
