<?xml version="1.0" encoding="UTF-8"?>
<testng-results ignored="0" total="2" passed="2" failed="0" skipped="0">
  <reporter-output>
  </reporter-output>
  <suite started-at="2025-02-08T12:12:57 IST" name="Surefire suite" finished-at="2025-02-08T12:13:07 IST" duration-ms="10314">
    <groups>
    </groups>
    <test started-at="2025-02-08T12:12:57 IST" name="Surefire test" finished-at="2025-02-08T12:13:07 IST" duration-ms="10314">
      <class name="com.testcase.com.TestCase">
        <test-method is-config="true" signature="browserLaunch()[pri:0, instance:com.testcase.com.TestCase@14dd9eb7]" started-at="2025-02-08T12:12:57 IST" name="browserLaunch" finished-at="2025-02-08T12:13:00 IST" duration-ms="3427" status="PASS">
          <reporter-output>
          </reporter-output>
        </test-method> <!-- browserLaunch -->
        <test-method signature="login(java.lang.String,java.lang.String)[pri:0, instance:com.testcase.com.TestCase@14dd9eb7]" started-at="2025-02-08T12:13:02 IST" name="login" data-provider="DataPro" finished-at="2025-02-08T12:13:06 IST" duration-ms="3726" status="PASS">
          <params>
            <param index="0">
              <value>
                <![CDATA[student]]>
              </value>
            </param>
            <param index="1">
              <value>
                <![CDATA[Password123]]>
              </value>
            </param>
          </params>
          <reporter-output>
          </reporter-output>
        </test-method> <!-- login -->
        <test-method signature="login(java.lang.String,java.lang.String)[pri:0, instance:com.testcase.com.TestCase@14dd9eb7]" started-at="2025-02-08T12:13:06 IST" name="login" data-provider="DataPro" finished-at="2025-02-08T12:13:07 IST" duration-ms="1058" status="PASS">
          <params>
            <param index="0">
              <value>
                <![CDATA[college]]>
              </value>
            </param>
            <param index="1">
              <value>
                <![CDATA[xyz@123]]>
              </value>
            </param>
          </params>
          <reporter-output>
          </reporter-output>
        </test-method> <!-- login -->
        <test-method is-config="true" signature="closeup()[pri:0, instance:com.testcase.com.TestCase@14dd9eb7]" started-at="2025-02-08T12:13:07 IST" name="closeup" finished-at="2025-02-08T12:13:07 IST" duration-ms="551" status="PASS">
          <reporter-output>
          </reporter-output>
        </test-method> <!-- closeup -->
      </class> <!-- com.testcase.com.TestCase -->
    </test> <!-- Surefire test -->
  </suite> <!-- Surefire suite -->
</testng-results>
